<?xml version="1.0" encoding="UTF-8"?>
<testsuite name="image.ImageHandlerTest" tests="1" skipped="0" failures="0" errors="0" timestamp="2021-12-05T18:02:38" hostname="MBP-FliCom" time="0.124">
  <properties/>
  <testcase name="decoded message should be the same as input message()" classname="image.ImageHandlerTest" time="0.124"/>
  <system-out><![CDATA[]]></system-out>
  <system-err><![CDATA[]]></system-err>
</testsuite>
