<?xml version="1.0" encoding="UTF-8"?>
<testsuite name="checker.BBSCheckerTest" tests="4" skipped="0" failures="0" errors="0" timestamp="2021-11-25T22:44:00" hostname="MacBook-Pro-FliCom.local" time="0.213">
  <properties/>
  <testcase name="Test serii()" classname="checker.BBSCheckerTest" time="0.189"/>
  <testcase name="Test pokerowy()" classname="checker.BBSCheckerTest" time="0.015"/>
  <testcase name="Test pojedynczych bitów()" classname="checker.BBSCheckerTest" time="0.003"/>
  <testcase name="Test dlugiej serii()" classname="checker.BBSCheckerTest" time="0.004"/>
  <system-out><![CDATA[Liczba serii zer o długości 1 wynosi: 2502
Liczba serii zer o długości 2 wynosi: 1247
Liczba serii zer o długości 3 wynosi: 659
Liczba serii zer o długości 4 wynosi: 298
Liczba serii zer o długości 5 wynosi: 163
Liczba serii zer o długości 6 wynosi: 145
Liczba serii jedynek o długości 1 wynosi: 2518
Liczba serii jedynek o długości 2 wynosi: 1254
Liczba serii jedynek o długości 3 wynosi: 608
Liczba serii jedynek o długości 4 wynosi: 318
Liczba serii jedynek o długości 5 wynosi: 169
Liczba serii jedynek o długości 6 wynosi: 147
Wynik wynosi: 16.37760 <2.16; 46.17>
Liczba jedynek wynosi: 9999 <9725.0; 10275.0>
]]></system-out>
  <system-err><![CDATA[]]></system-err>
</testsuite>
