<?xml version="1.0" encoding="UTF-8"?>
<testsuite name="rsa.RsaTest" tests="2" skipped="0" failures="0" errors="0" timestamp="2021-11-21T11:17:05" hostname="MBP-FliCom" time="0.105">
  <properties/>
  <testcase name="signVerifyTest()" classname="rsa.RsaTest" time="0.03"/>
  <testcase name="encryption and decryption text should return same string()" classname="rsa.RsaTest" time="0.01"/>
  <system-out><![CDATA[]]></system-out>
  <system-err><![CDATA[]]></system-err>
</testsuite>
